1  steps= 0
2  steps= 1
3  steps= 7
4  steps= 2
5  steps= 5
6  steps= 8
7  steps= 16
8  steps= 3
9  steps= 19
10  steps= 6
11  steps= 14
12  steps= 9
13  steps= 9
14  steps= 17
15  steps= 17
16  steps= 4
17  steps= 12
18  steps= 20
19  steps= 20
20  steps= 7
21  steps= 7
22  steps= 15
23  steps= 15
24  steps= 10
25  steps= 23
26  steps= 10
27  steps= 111
28  steps= 18
29  steps= 18
30  steps= 18
31  steps= 106
32  steps= 5
33  steps= 26
34  steps= 13
35  steps= 13
36  steps= 21
37  steps= 21
38  steps= 21
39  steps= 34
40  steps= 8
41  steps= 109
42  steps= 8
43  steps= 29
44  steps= 16
45  steps= 16
46  steps= 16
47  steps= 104
48  steps= 11
49  steps= 24
50  steps= 24
51  steps= 24
52  steps= 11
53  steps= 11
54  steps= 112
55  steps= 112
56  steps= 19
57  steps= 32
58  steps= 19
59  steps= 32
60  steps= 19
61  steps= 19
62  steps= 107
63  steps= 107
64  steps= 6
65  steps= 27
66  steps= 27
67  steps= 27
68  steps= 14
69  steps= 14
70  steps= 14
71  steps= 102
72  steps= 22
73  steps= 115
74  steps= 22
75  steps= 14
76  steps= 22
77  steps= 22
78  steps= 35
79  steps= 35
80  steps= 9
81  steps= 22
82  steps= 110
83  steps= 110
84  steps= 9
85  steps= 9
86  steps= 30
87  steps= 30
88  steps= 17
89  steps= 30
90  steps= 17
91  steps= 92
92  steps= 17
93  steps= 17
94  steps= 105
95  steps= 105
96  steps= 12
97  steps= 118
98  steps= 25
99  steps= 25
100  steps= 25
101  steps= 25
102  steps= 25
103  steps= 87
104  steps= 12
105  steps= 38
106  steps= 12
107  steps= 100
108  steps= 113
109  steps= 113
110  steps= 113
111  steps= 69
112  steps= 20
113  steps= 12
114  steps= 33
115  steps= 33
116  steps= 20
117  steps= 20
118  steps= 33
119  steps= 33
120  steps= 20
121  steps= 95
122  steps= 20
123  steps= 46
124  steps= 108
125  steps= 108
126  steps= 108
127  steps= 46
128  steps= 7
129  steps= 121
130  steps= 28
131  steps= 28
132  steps= 28
133  steps= 28
134  steps= 28
135  steps= 41
136  steps= 15
137  steps= 90
138  steps= 15
139  steps= 41
140  steps= 15
141  steps= 15
142  steps= 103
143  steps= 103
144  steps= 23
145  steps= 116
146  steps= 116
147  steps= 116
148  steps= 23
149  steps= 23
150  steps= 15
151  steps= 15
152  steps= 23
153  steps= 36
154  steps= 23
155  steps= 85
156  steps= 36
157  steps= 36
158  steps= 36
159  steps= 54
160  steps= 10
161  steps= 98
162  steps= 23
163  steps= 23
164  steps= 111
165  steps= 111
166  steps= 111
167  steps= 67
168  steps= 10
169  steps= 49
170  steps= 10
171  steps= 124
172  steps= 31
173  steps= 31
174  steps= 31
175  steps= 80
176  steps= 18
177  steps= 31
178  steps= 31
179  steps= 31
180  steps= 18
181  steps= 18
182  steps= 93
183  steps= 93
184  steps= 18
185  steps= 44
186  steps= 18
187  steps= 44
188  steps= 106
189  steps= 106
190  steps= 106
191  steps= 44
192  steps= 13
193  steps= 119
194  steps= 119
195  steps= 119
196  steps= 26
197  steps= 26
198  steps= 26
199  steps= 119
200  steps= 26
201  steps= 18
202  steps= 26
203  steps= 39
204  steps= 26
205  steps= 26
206  steps= 88
207  steps= 88
208  steps= 13
209  steps= 39
210  steps= 39
211  steps= 39
212  steps= 13
213  steps= 13
214  steps= 101
215  steps= 101
216  steps= 114
217  steps= 26
218  steps= 114
219  steps= 52
220  steps= 114
221  steps= 114
222  steps= 70
223  steps= 70
224  steps= 21
225  steps= 52
226  steps= 13
227  steps= 13
228  steps= 34
229  steps= 34
230  steps= 34
231  steps= 127
232  steps= 21
233  steps= 83
234  steps= 21
235  steps= 127
236  steps= 34
237  steps= 34
238  steps= 34
239  steps= 52
240  steps= 21
241  steps= 21
242  steps= 96
243  steps= 96
244  steps= 21
245  steps= 21
246  steps= 47
247  steps= 47
248  steps= 109
249  steps= 47
250  steps= 109
251  steps= 65
252  steps= 109
253  steps= 109
254  steps= 47
255  steps= 47
256  steps= 8
257  steps= 122
258  steps= 122
259  steps= 122
260  steps= 29
261  steps= 29
262  steps= 29
263  steps= 78
264  steps= 29
265  steps= 122
266  steps= 29
267  steps= 21
268  steps= 29
269  steps= 29
270  steps= 42
271  steps= 42
272  steps= 16
273  steps= 29
274  steps= 91
275  steps= 91
276  steps= 16
277  steps= 16
278  steps= 42
279  steps= 42
280  steps= 16
281  steps= 42
282  steps= 16
283  steps= 60
284  steps= 104
285  steps= 104
286  steps= 104
287  steps= 42
288  steps= 24
289  steps= 29
290  steps= 117
291  steps= 117
292  steps= 117
293  steps= 117
294  steps= 117
295  steps= 55
296  steps= 24
297  steps= 73
298  steps= 24
299  steps= 117
300  steps= 16
301  steps= 16
302  steps= 16
303  steps= 42
304  steps= 24
305  steps= 37
306  steps= 37
307  steps= 37
308  steps= 24
309  steps= 24
310  steps= 86
311  steps= 86
312  steps= 37
313  steps= 130
314  steps= 37
315  steps= 37
316  steps= 37
317  steps= 37
318  steps= 55
319  steps= 55
320  steps= 11
321  steps= 24
322  steps= 99
323  steps= 99
324  steps= 24
325  steps= 24
326  steps= 24
327  steps= 143
328  steps= 112
329  steps= 50
330  steps= 112
331  steps= 24
332  steps= 112
333  steps= 112
334  steps= 68
335  steps= 68
336  steps= 11
337  steps= 112
338  steps= 50
339  steps= 50
340  steps= 11
341  steps= 11
342  steps= 125
343  steps= 125
344  steps= 32
345  steps= 125
346  steps= 32
347  steps= 125
348  steps= 32
349  steps= 32
350  steps= 81
351  steps= 81
352  steps= 19
353  steps= 125
354  steps= 32
355  steps= 32
356  steps= 32
357  steps= 32
358  steps= 32
359  steps= 50
360  steps= 19
361  steps= 45
362  steps= 19
363  steps= 45
364  steps= 94
365  steps= 94
366  steps= 94
367  steps= 45
368  steps= 19
369  steps= 19
370  steps= 45
371  steps= 45
372  steps= 19
373  steps= 19
374  steps= 45
375  steps= 45
376  steps= 107
377  steps= 63
378  steps= 107
379  steps= 58
380  steps= 107
381  steps= 107
382  steps= 45
383  steps= 45
384  steps= 14
385  steps= 32
386  steps= 120
387  steps= 120
388  steps= 120
389  steps= 120
390  steps= 120
391  steps= 120
392  steps= 27
393  steps= 58
394  steps= 27
395  steps= 76
396  steps= 27
397  steps= 27
398  steps= 120
399  steps= 120
400  steps= 27
401  steps= 19
402  steps= 19
403  steps= 19
404  steps= 27
405  steps= 27
406  steps= 40
407  steps= 40
408  steps= 27
409  steps= 40
410  steps= 27
411  steps= 133
412  steps= 89
413  steps= 89
414  steps= 89
415  steps= 133
416  steps= 14
417  steps= 133
418  steps= 40
419  steps= 40
420  steps= 40
421  steps= 40
422  steps= 40
423  steps= 32
424  steps= 14
425  steps= 58
426  steps= 14
427  steps= 53
428  steps= 102
429  steps= 102
430  steps= 102
431  steps= 40
432  steps= 115
433  steps= 27
434  steps= 27
435  steps= 27
436  steps= 115
437  steps= 115
438  steps= 53
439  steps= 53
440  steps= 115
441  steps= 27
442  steps= 115
443  steps= 53
444  steps= 71
445  steps= 71
446  steps= 71
447  steps= 97
448  steps= 22
449  steps= 115
450  steps= 53
451  steps= 53
452  steps= 14
453  steps= 14
454  steps= 14
455  steps= 40
456  steps= 35
457  steps= 128
458  steps= 35
459  steps= 128
460  steps= 35
461  steps= 35
462  steps= 128
463  steps= 128
464  steps= 22
465  steps= 35
466  steps= 84
467  steps= 84
468  steps= 22
469  steps= 22
470  steps= 128
471  steps= 128
472  steps= 35
473  steps= 35
474  steps= 35
475  steps= 27
476  steps= 35
477  steps= 35
478  steps= 53
479  steps= 53
480  steps= 22
481  steps= 48
482  steps= 22
483  steps= 22
484  steps= 97
485  steps= 97
486  steps= 97
487  steps= 141
488  steps= 22
489  steps= 48
490  steps= 22
491  steps= 141
492  steps= 48
493  steps= 48
494  steps= 48
495  steps= 97
496  steps= 110
497  steps= 22
498  steps= 48
499  steps= 48
500  steps= 110
501  steps= 110
502  steps= 66
503  steps= 66
504  steps= 110
505  steps= 61
506  steps= 110
507  steps= 35
508  steps= 48
509  steps= 48
510  steps= 48
511  steps= 61
512  steps= 9
513  steps= 35
514  steps= 123
515  steps= 123
516  steps= 123
517  steps= 123
518  steps= 123
519  steps= 61
520  steps= 30
521  steps= 123
522  steps= 30
523  steps= 123
524  steps= 30
525  steps= 30
526  steps= 79
527  steps= 79
528  steps= 30
529  steps= 30
530  steps= 123
531  steps= 123
532  steps= 30
533  steps= 30
534  steps= 22
535  steps= 22
536  steps= 30
537  steps= 22
538  steps= 30
539  steps= 48
540  steps= 43
541  steps= 43
542  steps= 43
543  steps= 136
544  steps= 17
545  steps= 43
546  steps= 30
547  steps= 30
548  steps= 92
549  steps= 92
550  steps= 92
551  steps= 43
552  steps= 17
553  steps= 136
554  steps= 17
555  steps= 30
556  steps= 43
557  steps= 43
558  steps= 43
559  steps= 87
560  steps= 17
561  steps= 43
562  steps= 43
563  steps= 43
564  steps= 17
565  steps= 17
566  steps= 61
567  steps= 61
568  steps= 105
569  steps= 56
570  steps= 105
571  steps= 30
572  steps= 105
573  steps= 105
574  steps= 43
575  steps= 43
576  steps= 25
577  steps= 30
578  steps= 30
579  steps= 30
580  steps= 118
581  steps= 118
582  steps= 118
583  steps= 30
584  steps= 118
585  steps= 56
586  steps= 118
587  steps= 118
588  steps= 118
589  steps= 118
590  steps= 56
591  steps= 56
592  steps= 25
593  steps= 74
594  steps= 74
595  steps= 74
596  steps= 25
597  steps= 25
598  steps= 118
599  steps= 118
600  steps= 17
601  steps= 56
602  steps= 17
603  steps= 69
604  steps= 17
605  steps= 17
606  steps= 43
607  steps= 43
608  steps= 25
609  steps= 131
610  steps= 38
611  steps= 38
612  steps= 38
613  steps= 38
614  steps= 38
615  steps= 69
616  steps= 25
617  steps= 131
618  steps= 25
619  steps= 131
620  steps= 87
621  steps= 87
622  steps= 87
623  steps= 131
624  steps= 38
625  steps= 25
626  steps= 131
627  steps= 131
628  steps= 38
629  steps= 38
630  steps= 38
631  steps= 38
632  steps= 38
633  steps= 30
634  steps= 38
635  steps= 30
636  steps= 56
637  steps= 56
638  steps= 56
639  steps= 131
640  steps= 12
641  steps= 51
642  steps= 25
643  steps= 25
644  steps= 100
645  steps= 100
646  steps= 100
647  steps= 38
648  steps= 25
649  steps= 144
650  steps= 25
651  steps= 100
652  steps= 25
653  steps= 25
654  steps= 144
655  steps= 144
656  steps= 113
657  steps= 51
658  steps= 51
659  steps= 51
660  steps= 113
661  steps= 113
662  steps= 25
663  steps= 25
664  steps= 113
665  steps= 51
666  steps= 113
667  steps= 144
668  steps= 69
669  steps= 69
670  steps= 69
671  steps= 95
672  steps= 12
673  steps= 64
674  steps= 113
675  steps= 113
676  steps= 51
677  steps= 51
678  steps= 51
679  steps= 64
680  steps= 12
681  steps= 64
682  steps= 12
683  steps= 38
684  steps= 126
685  steps= 126
686  steps= 126
687  steps= 38
688  steps= 33
689  steps= 126
690  steps= 126
691  steps= 126
692  steps= 33
693  steps= 33
694  steps= 126
695  steps= 126
696  steps= 33
697  steps= 126
698  steps= 33
699  steps= 64
700  steps= 82
701  steps= 82
702  steps= 82
703  steps= 170
704  steps= 20
705  steps= 33
706  steps= 126
707  steps= 126
708  steps= 33
709  steps= 33
710  steps= 33
711  steps= 64
712  steps= 33
713  steps= 25
714  steps= 33
715  steps= 25
716  steps= 33
717  steps= 33
718  steps= 51
719  steps= 51
720  steps= 20
721  steps= 46
722  steps= 46
723  steps= 46
724  steps= 20
725  steps= 20
726  steps= 46
727  steps= 46
728  steps= 95
729  steps= 33
730  steps= 95
731  steps= 139
732  steps= 95
733  steps= 95
734  steps= 46
735  steps= 46
736  steps= 20
737  steps= 139
738  steps= 20
739  steps= 20
740  steps= 46
741  steps= 46
742  steps= 46
743  steps= 95
744  steps= 20
745  steps= 90
746  steps= 20
747  steps= 46
748  steps= 46
749  steps= 46
750  steps= 46
751  steps= 139
752  steps= 108
753  steps= 20
754  steps= 64
755  steps= 64
756  steps= 108
757  steps= 108
758  steps= 59
759  steps= 59
760  steps= 108
761  steps= 33
762  steps= 108
763  steps= 152
764  steps= 46
765  steps= 46
766  steps= 46
767  steps= 59
768  steps= 15
769  steps= 33
770  steps= 33
771  steps= 33
772  steps= 121
773  steps= 121
774  steps= 121
775  steps= 152
776  steps= 121
777  steps= 33
778  steps= 121
779  steps= 59
780  steps= 121
781  steps= 121
782  steps= 121
783  steps= 121
784  steps= 28
785  steps= 121
786  steps= 59
787  steps= 59
788  steps= 28
789  steps= 28
790  steps= 77
791  steps= 77
792  steps= 28
793  steps= 77
794  steps= 28
795  steps= 103
796  steps= 121
797  steps= 121
798  steps= 121
799  steps= 72
800  steps= 28
801  steps= 59
802  steps= 20
803  steps= 20
804  steps= 20
805  steps= 20
806  steps= 20
807  steps= 72
808  steps= 28
809  steps= 46
810  steps= 28
811  steps= 134
812  steps= 41
813  steps= 41
814  steps= 41
815  steps= 134
816  steps= 28
817  steps= 41
818  steps= 41
819  steps= 41
820  steps= 28
821  steps= 28
822  steps= 134
823  steps= 134
824  steps= 90
825  steps= 134
826  steps= 90
827  steps= 41
828  steps= 90
829  steps= 90
830  steps= 134
831  steps= 134
832  steps= 15
833  steps= 28
834  steps= 134
835  steps= 134
836  steps= 41
837  steps= 41
838  steps= 41
839  steps= 85
840  steps= 41
841  steps= 41
842  steps= 41
843  steps= 41
844  steps= 41
845  steps= 41
846  steps= 33
847  steps= 33
848  steps= 15
849  steps= 59
850  steps= 59
851  steps= 59
852  steps= 15
853  steps= 15
854  steps= 54
855  steps= 54
856  steps= 103
857  steps= 28
858  steps= 103
859  steps= 147
860  steps= 103
861  steps= 103
862  steps= 41
863  steps= 41
864  steps= 116
865  steps= 147
866  steps= 28
867  steps= 28
868  steps= 28
869  steps= 28
870  steps= 28
871  steps= 178
872  steps= 116
873  steps= 147
874  steps= 116
875  steps= 28
876  steps= 54
877  steps= 54
878  steps= 54
879  steps= 147
880  steps= 116
881  steps= 116
882  steps= 28
883  steps= 28
884  steps= 116
885  steps= 116
886  steps= 54
887  steps= 54
888  steps= 72
889  steps= 147
890  steps= 72
891  steps= 46
892  steps= 72
893  steps= 72
894  steps= 98
895  steps= 98
896  steps= 23
897  steps= 67
898  steps= 116
899  steps= 116
900  steps= 54
901  steps= 54
902  steps= 54
903  steps= 116
904  steps= 15
905  steps= 67
906  steps= 15
907  steps= 54
908  steps= 15
909  steps= 15
910  steps= 41
911  steps= 41
912  steps= 36
913  steps= 129
914  steps= 129
915  steps= 129
916  steps= 36
917  steps= 36
918  steps= 129
919  steps= 129
920  steps= 36
921  steps= 129
922  steps= 36
923  steps= 67
924  steps= 129
925  steps= 129
926  steps= 129
927  steps= 116
928  steps= 23
929  steps= 129
930  steps= 36
931  steps= 36
932  steps= 85
933  steps= 85
934  steps= 85
935  steps= 129
936  steps= 23
937  steps= 173
938  steps= 23
939  steps= 85
940  steps= 129
941  steps= 129
942  steps= 129
943  steps= 36
944  steps= 36
945  steps= 36
946  steps= 36
947  steps= 36
948  steps= 36
949  steps= 36
950  steps= 28
951  steps= 28
952  steps= 36
953  steps= 28
954  steps= 36
955  steps= 28
956  steps= 54
957  steps= 54
958  steps= 54
959  steps= 129
960  steps= 23
961  steps= 49
962  steps= 49
963  steps= 49
964  steps= 23
965  steps= 23
966  steps= 23
967  steps= 142
968  steps= 98
969  steps= 49
970  steps= 98
971  steps= 36
972  steps= 98
973  steps= 98
974  steps= 142
975  steps= 142
976  steps= 23
977  steps= 98
978  steps= 49
979  steps= 49
980  steps= 23
981  steps= 23
982  steps= 142
983  steps= 142
984  steps= 49
985  steps= 23
986  steps= 49
987  steps= 36
988  steps= 49
989  steps= 49
990  steps= 98
991  steps= 98
992  steps= 111
993  steps= 93
994  steps= 23
995  steps= 23
996  steps= 49
997  steps= 49
998  steps= 49
999  steps= 49
1000  steps= 111
